contactkit-ui/build/intermediates/manifest_merge_blame_file/debug/manifest-merger-blame-debug-report.txt
1<?xml version="1.0" encoding="utf-8"?>
2<!--
3  ~ Copyright (c) 2022 NetEase, Inc. All rights reserved.
4  ~ Use of this source code is governed by a MIT license that can be
5  ~ found in the LICENSE file.
6-->
7<manifest xmlns:android="http://schemas.android.com/apk/res/android"
8    xmlns:tools="http://schemas.android.com/tools"
9    package="com.netease.yunxin.kit.contactkit.ui" >
10
11    <uses-sdk android:minSdkVersion="21" />
11-->src\main\AndroidManifest.xml
12
13    <uses-permission android:name="android.permission.ACCESS_NETWORK_STATE" />
13-->src\main\AndroidManifest.xml:11:5-78
13-->src\main\AndroidManifest.xml:11:22-76
14
15    <application>
15-->src\main\AndroidManifest.xml:13:5-120:19
16        <provider
16-->src\main\AndroidManifest.xml:14:9-22:20
17            android:name="com.netease.yunxin.kit.corekit.startup.InitializationProvider"
17-->src\main\AndroidManifest.xml:15:13-89
18            android:authorities="${applicationId}.xkit-startup"
18-->src\main\AndroidManifest.xml:16:13-64
19            android:exported="false"
19-->src\main\AndroidManifest.xml:17:13-37
20            tools:node="merge" >
20-->src\main\AndroidManifest.xml:18:13-31
21            <meta-data
21-->src\main\AndroidManifest.xml:19:13-21:48
22                android:name="com.netease.yunxin.kit.contactkit.ui.ContactUIService"
22-->src\main\AndroidManifest.xml:20:17-85
23                android:value="xkit.startup" />
23-->src\main\AndroidManifest.xml:21:17-45
24        </provider>
25
26        <activity
26-->src\main\AndroidManifest.xml:24:9-27:52
27            android:name="com.netease.yunxin.kit.contactkit.ui.normal.contact.ContactActivity"
27-->src\main\AndroidManifest.xml:25:13-59
28            android:exported="false"
28-->src\main\AndroidManifest.xml:26:13-37
29            android:screenOrientation="portrait" />
29-->src\main\AndroidManifest.xml:27:13-49
30        <activity
30-->src\main\AndroidManifest.xml:29:9-32:52
31            android:name="com.netease.yunxin.kit.contactkit.ui.normal.addfriend.AddFriendActivity"
31-->src\main\AndroidManifest.xml:30:13-63
32            android:exported="false"
32-->src\main\AndroidManifest.xml:31:13-37
33            android:screenOrientation="portrait" />
33-->src\main\AndroidManifest.xml:32:13-49
34        <activity
34-->src\main\AndroidManifest.xml:35:9-38:52
35            android:name="com.netease.yunxin.kit.contactkit.ui.normal.blacklist.BlackListActivity"
35-->src\main\AndroidManifest.xml:36:13-63
36            android:launchMode="singleTop"
36-->src\main\AndroidManifest.xml:37:13-43
37            android:screenOrientation="portrait" />
37-->src\main\AndroidManifest.xml:38:13-49
38        <activity
38-->src\main\AndroidManifest.xml:40:9-43:52
39            android:name="com.netease.yunxin.kit.contactkit.ui.normal.team.TeamListActivity"
39-->src\main\AndroidManifest.xml:41:13-57
40            android:launchMode="singleTop"
40-->src\main\AndroidManifest.xml:42:13-43
41            android:screenOrientation="portrait" />
41-->src\main\AndroidManifest.xml:43:13-49
42        <activity
42-->src\main\AndroidManifest.xml:44:9-47:52
43            android:name="com.netease.yunxin.kit.contactkit.ui.fun.addfriend.FunAddFriendVerifyActivity"
43-->src\main\AndroidManifest.xml:45:13-69
44            android:launchMode="singleTop"
44-->src\main\AndroidManifest.xml:46:13-43
45            android:screenOrientation="portrait" />
45-->src\main\AndroidManifest.xml:47:13-49
46        <activity
46-->src\main\AndroidManifest.xml:49:9-52:52
47            android:name="com.netease.yunxin.kit.contactkit.ui.normal.verify.VerifyListActivity"
47-->src\main\AndroidManifest.xml:50:13-61
48            android:launchMode="singleTop"
48-->src\main\AndroidManifest.xml:51:13-43
49            android:screenOrientation="portrait" />
49-->src\main\AndroidManifest.xml:52:13-49
50        <activity
50-->src\main\AndroidManifest.xml:54:9-57:52
51            android:name="com.netease.yunxin.kit.contactkit.ui.normal.userinfo.UserInfoActivity"
51-->src\main\AndroidManifest.xml:55:13-61
52            android:launchMode="singleTop"
52-->src\main\AndroidManifest.xml:56:13-43
53            android:screenOrientation="portrait" />
53-->src\main\AndroidManifest.xml:57:13-49
54        <activity
54-->src\main\AndroidManifest.xml:59:9-62:52
55            android:name="com.netease.yunxin.kit.contactkit.ui.normal.userinfo.CommentActivity"
55-->src\main\AndroidManifest.xml:60:13-60
56            android:launchMode="singleTop"
56-->src\main\AndroidManifest.xml:61:13-43
57            android:screenOrientation="portrait" />
57-->src\main\AndroidManifest.xml:62:13-49
58        <activity
58-->src\main\AndroidManifest.xml:64:9-67:52
59            android:name="com.netease.yunxin.kit.contactkit.ui.normal.selector.ContactSelectorActivity"
59-->src\main\AndroidManifest.xml:65:13-68
60            android:launchMode="singleTop"
60-->src\main\AndroidManifest.xml:66:13-43
61            android:screenOrientation="portrait" />
61-->src\main\AndroidManifest.xml:67:13-49
62        <activity
62-->src\main\AndroidManifest.xml:68:9-71:52
63            android:name="com.netease.yunxin.kit.contactkit.ui.normal.search.GlobalSearchActivity"
63-->src\main\AndroidManifest.xml:69:13-63
64            android:exported="false"
64-->src\main\AndroidManifest.xml:70:13-37
65            android:screenOrientation="portrait" />
65-->src\main\AndroidManifest.xml:71:13-49
66
67        <!-- fun style activity -->
68        <activity
68-->src\main\AndroidManifest.xml:75:9-78:52
69            android:name="com.netease.yunxin.kit.contactkit.ui.fun.contact.FunContactActivity"
69-->src\main\AndroidManifest.xml:76:13-59
70            android:exported="false"
70-->src\main\AndroidManifest.xml:77:13-37
71            android:screenOrientation="portrait" />
71-->src\main\AndroidManifest.xml:78:13-49
72        <activity
72-->src\main\AndroidManifest.xml:80:9-83:52
73            android:name="com.netease.yunxin.kit.contactkit.ui.fun.addfriend.FunAddFriendActivity"
73-->src\main\AndroidManifest.xml:81:13-63
74            android:exported="false"
74-->src\main\AndroidManifest.xml:82:13-37
75            android:screenOrientation="portrait" />
75-->src\main\AndroidManifest.xml:83:13-49
76        <activity
76-->src\main\AndroidManifest.xml:86:9-89:52
77            android:name="com.netease.yunxin.kit.contactkit.ui.fun.blacklist.FunBlackListActivity"
77-->src\main\AndroidManifest.xml:87:13-63
78            android:launchMode="singleTop"
78-->src\main\AndroidManifest.xml:88:13-43
79            android:screenOrientation="portrait" />
79-->src\main\AndroidManifest.xml:89:13-49
80        <activity
80-->src\main\AndroidManifest.xml:91:9-94:52
81            android:name="com.netease.yunxin.kit.contactkit.ui.fun.team.FunTeamListActivity"
81-->src\main\AndroidManifest.xml:92:13-57
82            android:launchMode="singleTop"
82-->src\main\AndroidManifest.xml:93:13-43
83            android:screenOrientation="portrait" />
83-->src\main\AndroidManifest.xml:94:13-49
84        <activity
84-->src\main\AndroidManifest.xml:96:9-99:52
85            android:name="com.netease.yunxin.kit.contactkit.ui.fun.verify.FunVerifyListActivity"
85-->src\main\AndroidManifest.xml:97:13-61
86            android:launchMode="singleTop"
86-->src\main\AndroidManifest.xml:98:13-43
87            android:screenOrientation="portrait" />
87-->src\main\AndroidManifest.xml:99:13-49
88        <activity
88-->src\main\AndroidManifest.xml:101:9-104:52
89            android:name="com.netease.yunxin.kit.contactkit.ui.fun.userinfo.FunUserInfoActivity"
89-->src\main\AndroidManifest.xml:102:13-61
90            android:launchMode="singleTop"
90-->src\main\AndroidManifest.xml:103:13-43
91            android:screenOrientation="portrait" />
91-->src\main\AndroidManifest.xml:104:13-49
92        <activity
92-->src\main\AndroidManifest.xml:106:9-109:52
93            android:name="com.netease.yunxin.kit.contactkit.ui.fun.userinfo.FunCommentActivity"
93-->src\main\AndroidManifest.xml:107:13-60
94            android:launchMode="singleTop"
94-->src\main\AndroidManifest.xml:108:13-43
95            android:screenOrientation="portrait" />
95-->src\main\AndroidManifest.xml:109:13-49
96        <activity
96-->src\main\AndroidManifest.xml:111:9-114:52
97            android:name="com.netease.yunxin.kit.contactkit.ui.fun.selector.FunContactSelectorActivity"
97-->src\main\AndroidManifest.xml:112:13-68
98            android:launchMode="singleTop"
98-->src\main\AndroidManifest.xml:113:13-43
99            android:screenOrientation="portrait" />
99-->src\main\AndroidManifest.xml:114:13-49
100        <activity
100-->src\main\AndroidManifest.xml:115:9-118:52
101            android:name="com.netease.yunxin.kit.contactkit.ui.fun.search.FunSearchActivity"
101-->src\main\AndroidManifest.xml:116:13-57
102            android:exported="false"
102-->src\main\AndroidManifest.xml:117:13-37
103            android:screenOrientation="portrait" />
103-->src\main\AndroidManifest.xml:118:13-49
104    </application>
105
106</manifest>